<?xml version="1.0" encoding="UTF-8"?>
<!-- Generated by org.testng.reporters.JUnitReportReporter -->
<testsuite hostname="LAPTOP-K8NDG697" failures="0" tests="1" name="com.optusdemo.testCases.Tc_PriceValidation_001" time="40.683" errors="0" timestamp="2024-09-29T12:43:55 IST" skipped="0">
  <testcase classname="com.optusdemo.testCases.Tc_PriceValidation_001" name="pricevalidation" time="40.683"/>
  <system-out/>
</testsuite> <!-- com.optusdemo.testCases.Tc_PriceValidation_001 -->
